ISim log file
Running: /home/rohith/Documents/Debouncing/DFF_isim_beh.exe -intstyle ise -gui -tclbatch isim.cmd -wdb /home/rohith/Documents/Debouncing/DFF_isim_beh.wdb 
INFO: There is another simulation running in the same directory. Using database file name isim1.wdb.
ISim P.20131013 (signature 0xfbc00daa)
WARNING: A WEBPACK license was found.
WARNING: Please use Xilinx License Configuration Manager to check out a full ISim license.
WARNING: ISim will run in Lite mode. Please refer to the ISim documentation for more information on the differences between the Lite and the Full version.
This is a Lite version of ISim.
Time resolution is 1 ps
# onerror resume
# wave add /
# run 1000 ns
Simulator is doing circuit initialization process.
Finished circuit initialization process.
# isim force add /DFF/clk 1 -radix bin -value 0 -radix bin -time 1 ps -repeat 2 ps
# isim force add /DFF/clk 1 -radix bin -value 0 -radix bin -time 1 ps -repeat 2 ps
# isim force add /DFF/D 1 -radix bin -value 0 -radix bin -time 2 ps -repeat 4 ps
# isim force add /DFF/D 1 -radix bin -value 0 -radix bin -time 2 ps -repeat 4 ps
# isim force add /DFF/EN 1 -radix bin
# isim force add /DFF/EN 1 -radix bin
# restart
# run 1.00us
Simulator is doing circuit initialization process.
Finished circuit initialization process.
# run 60ps
# restart
# run 60ps
Simulator is doing circuit initialization process.
Finished circuit initialization process.
# isim force add /DFF/D 1 -radix bin -value 0 -radix bin -time 2 ps -repeat 4 ps
# isim force add /DFF/D 1 -radix bin -value 0 -radix bin -time 2 ps -repeat 4 ps
# isim force add /DFF/clk 1 -radix bin -value 0 -radix bin -time 1 ps -repeat 2 ps
# isim force add /DFF/clk 1 -radix bin -value 0 -radix bin -time 1 ps -repeat 2 ps
# isim force add /DFF/EN 1 -radix bin
# isim force add /DFF/EN 1 -radix bin
# run 60ps
# run all
Stopped at time : 131109992 ps : File "/home/rohith/Documents/Debouncing/debounce.v" Line 64
# exit 0
